Classfile /C:/Users/next/Desktop/이지스퍼블리싱/JAVA_LAB/First/src/chapter1/IntegerVariable.class
  Last modified 2016. 9. 23; size 425 bytes
  MD5 checksum 000b107cde943cdcc12796dda58a83ff
  Compiled from "IntegerVariable.java"
public class chapter1.IntegerVariable
  minor version: 0
  major version: 52
  flags: ACC_PUBLIC, ACC_SUPER
Constant pool:
   #1 = Methodref          #5.#14         // java/lang/Object."<init>":()V
   #2 = Fieldref           #15.#16        // java/lang/System.out:Ljava/io/PrintStream;
   #3 = Methodref          #17.#18        // java/io/PrintStream.println:(I)V
   #4 = Class              #19            // chapter1/IntegerVariable
   #5 = Class              #20            // java/lang/Object
   #6 = Utf8               <init>
   #7 = Utf8               ()V
   #8 = Utf8               Code
   #9 = Utf8               LineNumberTable
  #10 = Utf8               main
  #11 = Utf8               ([Ljava/lang/String;)V
  #12 = Utf8               SourceFile
  #13 = Utf8               IntegerVariable.java
  #14 = NameAndType        #6:#7          // "<init>":()V
  #15 = Class              #21            // java/lang/System
  #16 = NameAndType        #22:#23        // out:Ljava/io/PrintStream;
  #17 = Class              #24            // java/io/PrintStream
  #18 = NameAndType        #25:#26        // println:(I)V
  #19 = Utf8               chapter1/IntegerVariable
  #20 = Utf8               java/lang/Object
  #21 = Utf8               java/lang/System
  #22 = Utf8               out
  #23 = Utf8               Ljava/io/PrintStream;
  #24 = Utf8               java/io/PrintStream
  #25 = Utf8               println
  #26 = Utf8               (I)V
{
  public chapter1.IntegerVariable();
    descriptor: ()V
    flags: ACC_PUBLIC
    Code:
      stack=1, locals=1, args_size=1
         0: aload_0
         1: invokespecial #1                  // Method java/lang/Object."<init>":()V
         4: return
      LineNumberTable:
        line 3: 0

  public static void main(java.lang.String[]);
    descriptor: ([Ljava/lang/String;)V
    flags: ACC_PUBLIC, ACC_STATIC
    Code:
      stack=3, locals=3, args_size=1
         0: bipush        10
         2: istore_1
         3: bipush        20
         5: istore_2
         6: getstatic     #2                  // Field java/lang/System.out:Ljava/io/PrintStream;
         9: iload_1
        10: iload_2
        11: iadd
        12: invokevirtual #3                  // Method java/io/PrintStream.println:(I)V
        15: return
      LineNumberTable:
        line 7: 0
        line 8: 3
        line 10: 6
        line 11: 15
}
SourceFile: "IntegerVariable.java"
